C51 COMPILER V9.01   MAIN                                                                  01/07/2020 23:44:22 PAGE 1   


C51 COMPILER V9.01, COMPILATION OF MODULE MAIN
OBJECT MODULE PLACED IN main.OBJ
COMPILER INVOKED BY: C:\Keil\C51\BIN\C51.EXE main.c BROWSE DEBUG OBJECTEXTEND TABS(2)

line level    source

   1          /*
   2          By TienTN, W78E052 chip with 8 RGB LED
   3          Scrolling colors
   4          */
   5          #include<reg51.h>
   6          
   7          sbit P_00=P0^0;
   8          sbit P_01=P0^1;
   9          sbit P_02=P0^2;
  10          sbit P_03=P0^3;
  11          sbit P_04=P0^4;
  12          sbit P_05=P0^5;
  13          sbit P_06=P0^6;
  14          sbit P_07=P0^7;
  15          
  16          sbit P_10=P1^0;
  17          sbit P_11=P1^1;
  18          sbit P_12=P1^2;
  19          sbit P_13=P1^3;
  20          sbit P_14=P1^4;
  21          sbit P_15=P1^5;
  22          sbit P_16=P1^6;
  23          sbit P_17=P1^7;
  24          
  25          sbit P_20=P2^0;
  26          sbit P_21=P2^1;
  27          sbit P_22=P2^2;
  28          sbit P_23=P2^3;
  29          sbit P_24=P2^4;
  30          sbit P_25=P2^5;
  31          sbit P_26=P2^6;
  32          sbit P_27=P2^7;
  33          
  34          void Delay(unsigned int a);
  35          
  36          unsigned char ledVals[] = {1, 2, 4, 3, 7, 5};
  37          
  38          //diagram layout
  39          //P2: LED 1, LED 2, LED 3(2 first pin)
  40          //P3: LED 3 (1 last pin), LED 4, LED 5, LED 6(1 first pin)
  41          //P1: LED 6 (2 last pin), LED7, LED 8
  42          
  43          void loopLEDByMixColorVal(unsigned int pVal) {
  44   1        P3 = 0;
  45   1        P1 = 0;
  46   1        
  47   1        P2 = pVal;
  48   1        Delay(220);
  49   1        P2 = P2 << 3;
  50   1        Delay(220);
  51   1        P2 = P2 << 3;
  52   1        P3 = pVal & 1;  //lay bit cuoi dem qua P3
  53   1        Delay(220);
  54   1      
  55   1        P2 = 0;
C51 COMPILER V9.01   MAIN                                                                  01/07/2020 23:44:22 PAGE 2   

  56   1        P1 = 0;
  57   1        
  58   1        P3 = pVal << 1; //skip pin 30 la chan thu 3 cua led cuoi P2
  59   1        Delay(220);
  60   1        P3 = P3 << 3;
  61   1        Delay(220);
  62   1        P3 = P3 << 3; //lay bit cuoi bo vao chan cuoi cung
  63   1        P1 = pVal >> 1; //lay 2 bit dau vo bao P10+11
  64   1        Delay(220);
  65   1      
  66   1        P3 = 0;
  67   1        P2 = 0;
  68   1        
  69   1        P1 = pVal << 2; //skip pin P10+11 la chan cuoi led cuoi P3
  70   1        Delay(220);
  71   1        P1 = P1 << 3;
  72   1        Delay(220);
  73   1        P1 = P1 << 3;
  74   1        Delay(220);
  75   1      }
  76          
  77          void allLEDBySingleColorVal(unsigned char pVal, unsigned int delayVal) {
  78   1      
  79   1        //reset
  80   1        P2 = 0;
  81   1        P3 = 0;
  82   1        P1 = 0;
  83   1        
  84   1        if (pVal == 1) {
  85   2          P2 = 73; // 0100 1001 <-- first pin (right to left)
  86   2          P3 = 146; // 1001 0010
  87   2          P1 = 36; // 0010 0100
  88   2        }
  89   1        else if (pVal == 2) {
  90   2          P2 = 146; // 1001 0010
  91   2          P3 = 36;  // 0010 0100
  92   2          P1 = 73; // 0100 1001
  93   2          
  94   2        }
  95   1        else if (pVal == 4) {
  96   2          P2 = 36; //0010 0100
  97   2          P3 = 73; //0100 1001
  98   2          P1 = 146;//1001 0010
  99   2        }
 100   1      
 101   1      /*
 102   1        P1 |= (pVal << 2) | //pin P10+11 la chan cuoi led cuoi P3
 103   1             (pVal << 5) |
 104   1             (pVal << 8);
 105   1      */
 106   1        Delay(delayVal);
 107   1      }
 108          
 109          void blockLEDBySingleColorVal(unsigned char pVal, unsigned int delayVal) {
 110   1      
 111   1        unsigned char iIdx;
 112   1      
 113   1        for (iIdx = 0; iIdx < 3; iIdx++) {
 114   2          if (pVal == 1) {
 115   3            P2 = 73; // 0100 1001 <-- first pin (right to left)
 116   3            P3 = 146; // 1001 0010
 117   3            P1 = 36; // 0010 0100
C51 COMPILER V9.01   MAIN                                                                  01/07/2020 23:44:22 PAGE 3   

 118   3          }
 119   2          else if (pVal == 2) {
 120   3            P2 = 146; // 1001 0010
 121   3            P3 = 36;  // 0010 0100
 122   3            P1 = 73; // 0100 1001
 123   3            
 124   3          }
 125   2          else if (pVal == 4) {
 126   3            P2 = 36; //0010 0100
 127   3            P3 = 73; //0100 1001
 128   3            P1 = 146;//1001 0010
 129   3          }
 130   2          
 131   2          if (iIdx == 0) {
 132   3            P3 = 0;
 133   3          }
 134   2          else if (iIdx == 1) {
 135   3            P1 = 0;
 136   3          }
 137   2          else if (iIdx == 2) {
 138   3            P2 = 0;
 139   3          }
 140   2          Delay(delayVal);
 141   2        }
 142   1      
 143   1      /*
 144   1        P1 |= (pVal << 2) | //pin P10+11 la chan cuoi led cuoi P3
 145   1             (pVal << 5) |
 146   1             (pVal << 8);
 147   1      */
 148   1      }
 149          
 150          void loopLEDBySingleColorVal(unsigned int pVal) {
 151   1        P3 = 0;
 152   1        P1 = 0;
 153   1        
 154   1        P2 = pVal;
 155   1        Delay(220);
 156   1        P2 = P2 << 3;
 157   1        Delay(220);
 158   1        if (pVal < 4) {
 159   2          P2 = P2 << 3;
 160   2        }
 161   1        else {
 162   2          P2 = 0;
 163   2          P3 = 1; //pin 30 la chan thu 3 cuoi led cuoi P2
 164   2        }
 165   1        Delay(220);
 166   1      
 167   1        P2 = 0;
 168   1        P1 = 0;
 169   1        
 170   1        P3 = pVal << 1; //pin 30 la chan thu 3 cua led cuoi P2
 171   1        Delay(220);
 172   1        P3 = P3 << 3;
 173   1        Delay(220);
 174   1        if (pVal == 1) {
 175   2          P3 = P3 << 3;
 176   2        }
 177   1        else if (pVal >= 2) {
 178   2          P3 = 0;
 179   2          P1 = pVal >> 1; //skip to next port (vi 2 chan cuoi cua LED thu 6 nam ben port 1
C51 COMPILER V9.01   MAIN                                                                  01/07/2020 23:44:22 PAGE 4   

 180   2        }
 181   1        Delay(220);
 182   1      
 183   1        P3 = 0;
 184   1        P2 = 0;
 185   1        
 186   1        P1 = pVal << 2; //pin P10+11 la chan cuoi led cuoi P3
 187   1        Delay(220);
 188   1        P1 = P1 << 3;
 189   1        Delay(220);
 190   1        P1 = P1 << 3;
 191   1        Delay(220);
 192   1      }
 193          
 194          //for common cathode LED
 195          void main()
 196          {
 197   1      
 198   1        unsigned int delayVal;
 199   1        while(1)
 200   1        {
 201   2          loopLEDBySingleColorVal(1);
 202   2          loopLEDBySingleColorVal(2);
 203   2          loopLEDBySingleColorVal(4);
 204   2          loopLEDByMixColorVal(3);
 205   2          loopLEDByMixColorVal(7);
 206   2          loopLEDByMixColorVal(5);
 207   2          
 208   2          for (delayVal = 4000; delayVal > 500; delayVal-=500) {
 209   3            allLEDBySingleColorVal(1, delayVal);
 210   3            allLEDBySingleColorVal(2, delayVal);
 211   3            allLEDBySingleColorVal(4, delayVal);
 212   3          }
 213   2          
 214   2          for (delayVal = 3000; delayVal > 0; delayVal-=1000) {
 215   3            blockLEDBySingleColorVal(1, delayVal);
 216   3            blockLEDBySingleColorVal(2, delayVal);
 217   3            blockLEDBySingleColorVal(4, delayVal);
 218   3          }
 219   2      
 220   2        }
 221   1        
 222   1        
 223   1      }
 224          
 225          void Delay(unsigned int a)
 226          {
 227   1        unsigned char b;
 228   1      
 229   1        for(;a>0;a--)
 230   1        {
 231   2          for(b=110;b>0;b--);
 232   2        }
 233   1      }


MODULE INFORMATION:   STATIC OVERLAYABLE
   CODE SIZE        =    650    ----
   CONSTANT SIZE    =   ----    ----
   XDATA SIZE       =   ----    ----
   PDATA SIZE       =   ----    ----
   DATA SIZE        =      6      10
C51 COMPILER V9.01   MAIN                                                                  01/07/2020 23:44:22 PAGE 5   

   IDATA SIZE       =   ----    ----
   BIT SIZE         =   ----    ----
END OF MODULE INFORMATION.


C51 COMPILATION COMPLETE.  0 WARNING(S),  0 ERROR(S)
