C51 COMPILER V9.01   MAIN                                                                  10/30/2019 23:45:01 PAGE 1   


C51 COMPILER V9.01, COMPILATION OF MODULE MAIN
OBJECT MODULE PLACED IN main.OBJ
COMPILER INVOKED BY: C:\Keil\C51\BIN\C51.EXE main.c BROWSE DEBUG OBJECTEXTEND

line level    source

   1          #include<reg51.h>
   2          
   3          sbit LED1=P2^0;
   4          sbit LED2=P2^2;
   5          
   6          void Delay(unsigned int a);
   7          
   8          bit bLedFlg = 0;
   9          
  10          void initialize()     // Initialize Timer 1 for serial communication
  11              {
  12   1           TMOD=0x20;    //Timer1, mode 2, baud rate 9600 bps (8-bit reload mode for baudrate generation)
  13   1           TH1=0XFD;      //Baud rate 9600 bps
  14   1           SCON=0x50;      //Serial Mode 1, 8-Data Bit, REN Enabled   
  15   1           TR1=1;             //Start timer 1
  16   1          }
  17          
  18          void receive()        //Function to receive serial data
  19             {
  20   1          unsigned char value;
  21   1          while(RI==0);       //wait till RI flag is set
  22   1          value=SBUF;     
  23   1          //P1=value;
  24   1          RI=0;                    //Clear the RI flag
  25   1              if (bLedFlg == 1)
  26   1                      bLedFlg = 0;
  27   1              else
  28   1                      bLedFlg = 1;
  29   1         }
  30          
  31          void main()
  32          {
  33   1              while(1)
  34   1              {
  35   2                      LED2 = 1;
  36   2      
  37   2                      initialize();
  38   2                      receive();
  39   2      
  40   2                      if (bLedFlg == 1) {
  41   3                              LED1=0;
  42   3                      }
  43   2                      else {
  44   3                              LED1=1;
  45   3                      }
  46   2                      //Delay(2500);
  47   2                      LED2 = 0;
  48   2                      Delay(2500);
  49   2              }
  50   1      }
  51          
  52          void Delay(unsigned int a)
  53          {
  54   1              unsigned char b;
  55   1              for(;a>0;a--)
C51 COMPILER V9.01   MAIN                                                                  10/30/2019 23:45:01 PAGE 2   

  56   1              {
  57   2                      for(b=110;b>0;b--);
  58   2              }
  59   1      }


MODULE INFORMATION:   STATIC OVERLAYABLE
   CODE SIZE        =     78    ----
   CONSTANT SIZE    =   ----    ----
   XDATA SIZE       =   ----    ----
   PDATA SIZE       =   ----    ----
   DATA SIZE        =   ----       1
   IDATA SIZE       =   ----    ----
   BIT SIZE         =      1    ----
END OF MODULE INFORMATION.


C51 COMPILATION COMPLETE.  0 WARNING(S),  0 ERROR(S)
